#
# A fatal error has been detected by the Java Runtime Environment:
#
#  EXCEPTION_ACCESS_VIOLATION (0xc0000005) at pc=0x0000000061ec9835, pid=6864, tid=0x0000000000002fdc
#
# JRE version: Java(TM) SE Runtime Environment (8.0_333-b02) (build 1.8.0_333-b02)
# Java VM: Java HotSpot(TM) 64-Bit Server VM (25.333-b02 mixed mode windows-amd64 compressed oops)
# Problematic frame:
# V  [jvm.dll+0x79835]
#
# Failed to write core dump. Minidumps are not enabled by default on client versions of Windows
#
# If you would like to submit a bug report, please visit:
#   http://bugreport.java.com/bugreport/crash.jsp
#

---------------  T H R E A D  ---------------

Current thread (0x000001fa5927f000):  VMThread [stack: 0x000000f0ebd00000,0x000000f0ebe00000] [id=12252]

siginfo: ExceptionCode=0xc0000005, reading address 0xffffffffffffffff

Registers:
RAX=0x00ca000062417d20, RBX=0x000001fa433d5000, RCX=0x000001fa58d90768, RDX=0x0000000061ec9801
RSP=0x000000f0ebdfebe8, RBP=0x0000000061ec9830, RSI=0x0000000000000000, RDI=0x0000000000000000
R8 =0x000001fa44ce57a0, R9 =0x000001fa44ce0970, R10=0x000000f0ebeff4a0, R11=0x000000f0ebdfeb80
R12=0x0000000000000000, R13=0x000001fa59205500, R14=0x000001fa592058d8, R15=0x00000000000003d8
RIP=0x0000000061ec9835, EFLAGS=0x0000000000010246

Top of Stack: (sp=0x000000f0ebdfebe8)
0x000000f0ebdfebe8:   000000006208c39e 0000000061ec9830
0x000000f0ebdfebf8:   000001fa592058d8 00000000000003d8
0x000000f0ebdfec08:   0000000000000000 000000f0ebeff4b0
0x000000f0ebdfec18:   000001fa44ce0970 000001fa44ce0810
0x000000f0ebdfec28:   000001fa00000000 000000f0ebeff590
0x000000f0ebdfec38:   000000f0ebeff4b0 000000f0ebeff4b0
0x000000f0ebdfec48:   000001fa44ce0970 000001fa44ce0810
0x000000f0ebdfec58:   000001fa00000000 000000f0ebeff590
0x000000f0ebdfec68:   000000f0ebeff4b0 000001fa59a04800
0x000000f0ebdfec78:   00007ff9b9fb00bf 0000000000000000
0x000000f0ebdfec88:   000001fa433c50c0 000001fa5927f000
0x000000f0ebdfec98:   000001fa599a5b60 000000f0eb8ff838
0x000000f0ebdfeca8:   000000f0eb8ff838 000000f0ebdfedc0
0x000000f0ebdfecb8:   0000000000000000 000000f0ebeff4a0
0x000000f0ebdfecc8:   000000f0ebeff4a0 0000000000000000
0x000000f0ebdfecd8:   00007ff9b9f739aa 000000f0eb000000 

Instructions: (pc=0x0000000061ec9835)
0x0000000061ec9815:   74 00 48 8b 6c 24 38 48 83 c4 20 5f c3 cc cc cc
0x0000000061ec9825:   cc cc cc cc cc cc cc cc cc cc cc 48 8b 01 b2 01
0x0000000061ec9835:   48 ff 60 48 cc cc cc cc cc cc cc 48 8d 15 e9 ff
0x0000000061ec9845:   ff ff e9 c4 8f 02 00 cc cc cc cc 48 89 5c 24 10 


Register to memory mapping:

RAX=0x00ca000062417d20 is an unknown value
RBX=0x000001fa433d5000 is a thread
RCX=0x000001fa58d90768 is pointing into metadata
RDX=0x0000000061ec9801 is an unknown value
RSP=0x000000f0ebdfebe8 is an unknown value
RBP=0x0000000061ec9830 is an unknown value
RSI=0x0000000000000000 is an unknown value
RDI=0x0000000000000000 is an unknown value
R8 =0x000001fa44ce57a0 is pointing into interpreter code (not bytecode specific)
R9 =0x000001fa44ce0970 is at begin+185 in a stub
StubRoutines::call_stub [0x000001fa44ce08b7, 0x000001fa44ce0a21[ (362 bytes)
R10=0x000000f0ebeff4a0 is pointing into the stack for thread: 0x000001fa59287000
R11=0x000000f0ebdfeb80 is an unknown value
R12=0x0000000000000000 is an unknown value
R13=0x000001fa59205500 is an unknown value
R14=0x000001fa592058d8 is an unknown value
R15=0x00000000000003d8 is an unknown value


Stack: [0x000000f0ebd00000,0x000000f0ebe00000],  sp=0x000000f0ebdfebe8,  free space=1018k
Native frames: (J=compiled Java code, j=interpreted, Vv=VM code, C=native code)
V  [jvm.dll+0x79835]

VM_Operation (0x000000f0ec2ff770): RedefineClasses, mode: safepoint, requested by thread 0x000001fa59a04800


---------------  P R O C E S S  ---------------

Java Threads: ( => current thread )
  0x000001fa5bd45000 JavaThread "AsyncHttpClient-1-4" daemon [_thread_in_native, id=2688, stack(0x000000f0ed600000,0x000000f0ed700000)]
  0x000001fa5bd47000 JavaThread "AsyncHttpClient-1-3" daemon [_thread_in_native, id=5176, stack(0x000000f0ed500000,0x000000f0ed600000)]
  0x000001fa5b0ee800 JavaThread "AsyncHttpClient-1-2" daemon [_thread_in_native, id=14536, stack(0x000000f0ed400000,0x000000f0ed500000)]
  0x000001fa5b4de000 JavaThread "Exec Stream Pumper" daemon [_thread_in_native, id=16160, stack(0x000000f0ed000000,0x000000f0ed100000)]
  0x000001fa5b38a800 JavaThread "Exec Stream Pumper" daemon [_thread_in_native, id=11352, stack(0x000000f0ecf00000,0x000000f0ed000000)]
  0x000001fa5b939000 JavaThread "Driver Service Executor" daemon [_thread_blocked, id=2764, stack(0x000000f0ece00000,0x000000f0ecf00000)]
  0x000001fa5bfe6800 JavaThread "Driver Service Executor" daemon [_thread_blocked, id=14152, stack(0x000000f0ecd00000,0x000000f0ece00000)]
  0x000001fa5b91e800 JavaThread "Exec Default Executor" daemon [_thread_in_native, id=1156, stack(0x000000f0ecc00000,0x000000f0ecd00000)]
  0x000001fa5aee6800 JavaThread "AsyncHttpClient-1-1" daemon [_thread_blocked, id=14104, stack(0x000000f0ecb00000,0x000000f0ecc00000)]
  0x000001fa59a8b800 JavaThread "Service Thread" daemon [_thread_blocked, id=8000, stack(0x000000f0ec800000,0x000000f0ec900000)]
  0x000001fa59a85800 JavaThread "C1 CompilerThread2" daemon [_thread_blocked, id=7932, stack(0x000000f0ec700000,0x000000f0ec800000)]
  0x000001fa59a72800 JavaThread "C2 CompilerThread1" daemon [_thread_blocked, id=7080, stack(0x000000f0ec600000,0x000000f0ec700000)]
  0x000001fa59a22800 JavaThread "C2 CompilerThread0" daemon [_thread_blocked, id=1232, stack(0x000000f0ec500000,0x000000f0ec600000)]
  0x000001fa59a14800 JavaThread "JDWP Command Reader" daemon [_thread_in_native, id=14588, stack(0x000000f0ec400000,0x000000f0ec500000)]
  0x000001fa59a07000 JavaThread "JDWP Event Helper Thread" daemon [_thread_blocked, id=11220, stack(0x000000f0ec300000,0x000000f0ec400000)]
  0x000001fa59a04800 JavaThread "JDWP Transport Listener: dt_socket" daemon [_thread_blocked, id=11200, stack(0x000000f0ec200000,0x000000f0ec300000)]
  0x000001fa599e2800 JavaThread "Attach Listener" daemon [_thread_blocked, id=2408, stack(0x000000f0ec100000,0x000000f0ec200000)]
  0x000001fa599e1800 JavaThread "Signal Dispatcher" daemon [_thread_blocked, id=12680, stack(0x000000f0ec000000,0x000000f0ec100000)]
  0x000001fa5928d800 JavaThread "Finalizer" daemon [_thread_blocked, id=6576, stack(0x000000f0ebf00000,0x000000f0ec000000)]
  0x000001fa59287000 JavaThread "Reference Handler" daemon [_thread_blocked, id=3092, stack(0x000000f0ebe00000,0x000000f0ebf00000)]
  0x000001fa433d5000 JavaThread "main" [_thread_blocked, id=15584, stack(0x000000f0eb800000,0x000000f0eb900000)]

Other Threads:
=>0x000001fa5927f000 VMThread [stack: 0x000000f0ebd00000,0x000000f0ebe00000] [id=12252]
  0x000001fa59a91800 WatcherThread [stack: 0x000000f0ec900000,0x000000f0eca00000] [id=15008]

VM state:at safepoint (normal execution)

VM Mutex/Monitor currently owned by a thread:  ([mutex/lock_event])
[0x000001fa433d1550] Threads_lock - owner thread: 0x000001fa5927f000

heap address: 0x0000000083800000, size: 1992 MB, Compressed Oops mode: 32-bit
Narrow klass base: 0x0000000000000000, Narrow klass shift: 3
Compressed class space size: 1073741824 Address: 0x0000000100000000

Heap:
 PSYoungGen      total 37888K, used 5561K [0x00000000d6800000, 0x00000000db200000, 0x0000000100000000)
  eden space 32768K, 16% used [0x00000000d6800000,0x00000000d6d6e710,0x00000000d8800000)
  from space 5120K, 0% used [0x00000000d8800000,0x00000000d8800000,0x00000000d8d00000)
  to   space 5120K, 0% used [0x00000000dad00000,0x00000000dad00000,0x00000000db200000)
 ParOldGen       total 62976K, used 10196K [0x0000000083800000, 0x0000000087580000, 0x00000000d6800000)
  object space 62976K, 16% used [0x0000000083800000,0x00000000841f5308,0x0000000087580000)
 Metaspace       used 20627K, capacity 21558K, committed 21632K, reserved 1069056K
  class space    used 2661K, capacity 2915K, committed 2944K, reserved 1048576K

Card table byte_map: [0x000001fa540a0000,0x000001fa54490000] byte_map_base: 0x000001fa53c84000

Marking Bits: (ParMarkBitMap*) 0x0000000062639030
 Begin Bits: [0x000001fa54730000, 0x000001fa56650000)
 End Bits:   [0x000001fa56650000, 0x000001fa58570000)

Polling page: 0x000001fa44cb0000

CodeCache: size=245760Kb used=5470Kb max_used=5929Kb free=240289Kb
 bounds [0x000001fa44ce0000, 0x000001fa452b0000, 0x000001fa53ce0000]
 total_blobs=2080 nmethods=1634 adapters=366
 compilation: enabled

Compilation events (10 events):
Event: 10169.089 Thread 0x000001fa59a22800 1818 %     4       io.netty.util.HashedWheelTimer$Worker::run @ 42 (204 bytes)
Event: 10169.170 Thread 0x000001fa59a22800 nmethod 1818% 0x000001fa44e23310 code [0x000001fa44e23520, 0x000001fa44e248e0]
Event: 11761.981 Thread 0x000001fa59a85800 1819       3       org.asynchttpclient.cookie.ThreadSafeCookieStore::removeExpired (56 bytes)
Event: 11761.984 Thread 0x000001fa59a85800 nmethod 1819 0x000001fa44df8290 code [0x000001fa44df8480, 0x000001fa44df8dd0]
Event: 11761.984 Thread 0x000001fa59a85800 1820       3       org.asynchttpclient.cookie.ThreadSafeCookieStore$$Lambda$305/253043192::get$Lambda (10 bytes)
Event: 11761.984 Thread 0x000001fa59a85800 nmethod 1820 0x000001fa44e11410 code [0x000001fa44e11580, 0x000001fa44e117f8]
Event: 11761.985 Thread 0x000001fa59a85800 1821       3       org.asynchttpclient.cookie.ThreadSafeCookieStore$$Lambda$305/253043192::<init> (15 bytes)
Event: 11761.985 Thread 0x000001fa59a85800 nmethod 1821 0x000001fa44e558d0 code [0x000001fa44e55a20, 0x000001fa44e55bf8]
Event: 11761.985 Thread 0x000001fa59a85800 1822       3       java.util.concurrent.ConcurrentHashMap$ValuesView::forEach (63 bytes)
Event: 11761.986 Thread 0x000001fa59a85800 nmethod 1822 0x000001fa45080150 code [0x000001fa45080320, 0x000001fa450808c0]

GC Heap History (8 events):
Event: 1.612 GC heap before
{Heap before GC invocations=1 (full 0):
 PSYoungGen      total 37888K, used 32768K [0x00000000d6800000, 0x00000000d9200000, 0x0000000100000000)
  eden space 32768K, 100% used [0x00000000d6800000,0x00000000d8800000,0x00000000d8800000)
  from space 5120K, 0% used [0x00000000d8d00000,0x00000000d8d00000,0x00000000d9200000)
  to   space 5120K, 0% used [0x00000000d8800000,0x00000000d8800000,0x00000000d8d00000)
 ParOldGen       total 86016K, used 0K [0x0000000083800000, 0x0000000088c00000, 0x00000000d6800000)
  object space 86016K, 0% used [0x0000000083800000,0x0000000083800000,0x0000000088c00000)
 Metaspace       used 11288K, capacity 11542K, committed 11776K, reserved 1058816K
  class space    used 1345K, capacity 1455K, committed 1536K, reserved 1048576K
Event: 1.622 GC heap after
Heap after GC invocations=1 (full 0):
 PSYoungGen      total 37888K, used 5111K [0x00000000d6800000, 0x00000000d9200000, 0x0000000100000000)
  eden space 32768K, 0% used [0x00000000d6800000,0x00000000d6800000,0x00000000d8800000)
  from space 5120K, 99% used [0x00000000d8800000,0x00000000d8cfdd30,0x00000000d8d00000)
  to   space 5120K, 0% used [0x00000000d8d00000,0x00000000d8d00000,0x00000000d9200000)
 ParOldGen       total 86016K, used 1418K [0x0000000083800000, 0x0000000088c00000, 0x00000000d6800000)
  object space 86016K, 1% used [0x0000000083800000,0x0000000083962b20,0x0000000088c00000)
 Metaspace       used 11288K, capacity 11542K, committed 11776K, reserved 1058816K
  class space    used 1345K, capacity 1455K, committed 1536K, reserved 1048576K
}
Event: 4.148 GC heap before
{Heap before GC invocations=2 (full 0):
 PSYoungGen      total 37888K, used 37879K [0x00000000d6800000, 0x00000000d9200000, 0x0000000100000000)
  eden space 32768K, 100% used [0x00000000d6800000,0x00000000d8800000,0x00000000d8800000)
  from space 5120K, 99% used [0x00000000d8800000,0x00000000d8cfdd30,0x00000000d8d00000)
  to   space 5120K, 0% used [0x00000000d8d00000,0x00000000d8d00000,0x00000000d9200000)
 ParOldGen       total 86016K, used 1418K [0x0000000083800000, 0x0000000088c00000, 0x00000000d6800000)
  object space 86016K, 1% used [0x0000000083800000,0x0000000083962b20,0x0000000088c00000)
 Metaspace       used 19126K, capacity 19932K, committed 20224K, reserved 1067008K
  class space    used 2475K, capacity 2698K, committed 2816K, reserved 1048576K
Event: 4.157 GC heap after
Heap after GC invocations=2 (full 0):
 PSYoungGen      total 37888K, used 5088K [0x00000000d6800000, 0x00000000d9200000, 0x0000000100000000)
  eden space 32768K, 0% used [0x00000000d6800000,0x00000000d6800000,0x00000000d8800000)
  from space 5120K, 99% used [0x00000000d8d00000,0x00000000d91f8060,0x00000000d9200000)
  to   space 5120K, 0% used [0x00000000d8800000,0x00000000d8800000,0x00000000d8d00000)
 ParOldGen       total 86016K, used 9567K [0x0000000083800000, 0x0000000088c00000, 0x00000000d6800000)
  object space 86016K, 11% used [0x0000000083800000,0x0000000084157c90,0x0000000088c00000)
 Metaspace       used 19126K, capacity 19932K, committed 20224K, reserved 1067008K
  class space    used 2475K, capacity 2698K, committed 2816K, reserved 1048576K
}
Event: 4.296 GC heap before
{Heap before GC invocations=3 (full 0):
 PSYoungGen      total 37888K, used 10972K [0x00000000d6800000, 0x00000000d9200000, 0x0000000100000000)
  eden space 32768K, 17% used [0x00000000d6800000,0x00000000d6dbf118,0x00000000d8800000)
  from space 5120K, 99% used [0x00000000d8d00000,0x00000000d91f8060,0x00000000d9200000)
  to   space 5120K, 0% used [0x00000000d8800000,0x00000000d8800000,0x00000000d8d00000)
 ParOldGen       total 86016K, used 9567K [0x0000000083800000, 0x0000000088c00000, 0x00000000d6800000)
  object space 86016K, 11% used [0x0000000083800000,0x0000000084157c90,0x0000000088c00000)
 Metaspace       used 20281K, capacity 21188K, committed 21296K, reserved 1067008K
  class space    used 2631K, capacity 2878K, committed 2944K, reserved 1048576K
Event: 4.301 GC heap after
Heap after GC invocations=3 (full 0):
 PSYoungGen      total 37888K, used 5088K [0x00000000d6800000, 0x00000000db200000, 0x0000000100000000)
  eden space 32768K, 0% used [0x00000000d6800000,0x00000000d6800000,0x00000000d8800000)
  from space 5120K, 99% used [0x00000000d8800000,0x00000000d8cf8040,0x00000000d8d00000)
  to   space 5120K, 0% used [0x00000000dad00000,0x00000000dad00000,0x00000000db200000)
 ParOldGen       total 86016K, used 10813K [0x0000000083800000, 0x0000000088c00000, 0x00000000d6800000)
  object space 86016K, 12% used [0x0000000083800000,0x000000008428f4b8,0x0000000088c00000)
 Metaspace       used 20281K, capacity 21188K, committed 21296K, reserved 1067008K
  class space    used 2631K, capacity 2878K, committed 2944K, reserved 1048576K
}
Event: 4.301 GC heap before
{Heap before GC invocations=4 (full 1):
 PSYoungGen      total 37888K, used 5088K [0x00000000d6800000, 0x00000000db200000, 0x0000000100000000)
  eden space 32768K, 0% used [0x00000000d6800000,0x00000000d6800000,0x00000000d8800000)
  from space 5120K, 99% used [0x00000000d8800000,0x00000000d8cf8040,0x00000000d8d00000)
  to   space 5120K, 0% used [0x00000000dad00000,0x00000000dad00000,0x00000000db200000)
 ParOldGen       total 86016K, used 10813K [0x0000000083800000, 0x0000000088c00000, 0x00000000d6800000)
  object space 86016K, 12% used [0x0000000083800000,0x000000008428f4b8,0x0000000088c00000)
 Metaspace       used 20281K, capacity 21188K, committed 21296K, reserved 1067008K
  class space    used 2631K, capacity 2878K, committed 2944K, reserved 1048576K
Event: 4.329 GC heap after
Heap after GC invocations=4 (full 1):
 PSYoungGen      total 37888K, used 0K [0x00000000d6800000, 0x00000000db200000, 0x0000000100000000)
  eden space 32768K, 0% used [0x00000000d6800000,0x00000000d6800000,0x00000000d8800000)
  from space 5120K, 0% used [0x00000000d8800000,0x00000000d8800000,0x00000000d8d00000)
  to   space 5120K, 0% used [0x00000000dad00000,0x00000000dad00000,0x00000000db200000)
 ParOldGen       total 62976K, used 10196K [0x0000000083800000, 0x0000000087580000, 0x00000000d6800000)
  object space 62976K, 16% used [0x0000000083800000,0x00000000841f5308,0x0000000087580000)
 Metaspace       used 20281K, capacity 21188K, committed 21296K, reserved 1067008K
  class space    used 2631K, capacity 2878K, committed 2944K, reserved 1048576K
}

Deoptimization events (10 events):
Event: 1.826 Thread 0x000001fa433d5000 Uncommon trap: reason=bimorphic action=maybe_recompile pc=0x000001fa45090278 method=java.util.regex.Pattern$BmpCharProperty.match(Ljava/util/regex/Matcher;ILjava/lang/CharSequence;)Z @ 16
Event: 1.838 Thread 0x000001fa433d5000 Uncommon trap: reason=unstable_if action=reinterpret pc=0x000001fa44e86d7c method=java.lang.String.replace(CC)Ljava/lang/String; @ 2
Event: 1.869 Thread 0x000001fa5b239800 Uncommon trap: reason=unstable_if action=reinterpret pc=0x000001fa44f81960 method=java.lang.CharacterDataLatin1.digit(II)I @ 82
Event: 2.398 Thread 0x000001fa5b239800 Uncommon trap: reason=unstable_if action=reinterpret pc=0x000001fa44f8336c method=java.lang.CharacterDataLatin1.digit(II)I @ 82
Event: 2.610 Thread 0x000001fa433d5000 Uncommon trap: reason=class_check action=maybe_recompile pc=0x000001fa4500c514 method=java.util.regex.Pattern$Curly.match(Ljava/util/regex/Matcher;ILjava/lang/CharSequence;)Z @ 19
Event: 2.610 Thread 0x000001fa433d5000 Uncommon trap: reason=class_check action=maybe_recompile pc=0x000001fa4500c514 method=java.util.regex.Pattern$Curly.match(Ljava/util/regex/Matcher;ILjava/lang/CharSequence;)Z @ 19
Event: 4.184 Thread 0x000001fa433d5000 Uncommon trap: reason=class_check action=maybe_recompile pc=0x000001fa45065828 method=java.util.HashMap.putVal(ILjava/lang/Object;Ljava/lang/Object;ZZ)Ljava/lang/Object; @ 253
Event: 4.187 Thread 0x000001fa433d5000 Uncommon trap: reason=unstable_if action=reinterpret pc=0x000001fa451e9be0 method=java.util.concurrent.ConcurrentHashMap.putVal(Ljava/lang/Object;Ljava/lang/Object;Z)Ljava/lang/Object; @ 181
Event: 10.286 Thread 0x000001fa433d5000 Uncommon trap: reason=unstable_if action=reinterpret pc=0x000001fa45276470 method=java.util.regex.Pattern$BmpCharProperty.match(Ljava/util/regex/Matcher;ILjava/lang/CharSequence;)Z @ 34
Event: 6073.122 Thread 0x000001fa5aee6800 Uncommon trap: reason=unstable_if action=reinterpret pc=0x000001fa452a95d8 method=io.netty.util.HashedWheelTimer$HashedWheelBucket.expireTimeouts(J)V @ 21

Classes redefined (10 events):
Event: 11523.830 Thread 0x000001fa5927f000 redefined class name=org.selenium.MouseoverDragAnsDrop, count=15
Event: 12328.162 Thread 0x000001fa5927f000 redefined class name=org.selenium.MouseoverDragAnsDrop, count=16
Event: 13600.870 Thread 0x000001fa5927f000 redefined class name=org.selenium.MouseoverDragAnsDrop, count=17
Event: 14918.617 Thread 0x000001fa5927f000 redefined class name=org.selenium.MouseoverDragAnsDrop, count=18
Event: 14935.303 Thread 0x000001fa5927f000 redefined class name=org.selenium.MouseoverDragAnsDrop, count=19
Event: 15168.869 Thread 0x000001fa5927f000 redefined class name=org.selenium.MouseoverDragAnsDrop, count=20
Event: 15267.126 Thread 0x000001fa5927f000 redefined class name=org.selenium.MouseoverDragAnsDrop, count=21
Event: 15411.392 Thread 0x000001fa5927f000 redefined class name=org.selenium.MouseoverDragAnsDrop, count=22
Event: 15694.531 Thread 0x000001fa5927f000 redefined class name=org.selenium.MouseoverDragAnsDrop, count=23
Event: 18379.104 Thread 0x000001fa5927f000 redefined class name=org.selenium.MouseoverDragAnsDrop, count=24

Internal exceptions (10 events):
Event: 0.592 Thread 0x000001fa433d5000 Exception <a 'java/lang/NoSuchMethodError': java.lang.Object.lambda$create$1(Ljava/lang/String;Lorg/openqa/selenium/remote/http/HttpClient$Factory;)Z> (0x00000000d6f977c0) thrown at [C:\jenkins\workspace\8-2-build-windows-amd64-cygwin\jdk8u333\2551\hotspo
Event: 1.768 Thread 0x000001fa433d5000 Exception <a 'java/lang/NoSuchMethodError': java.lang.Object.lambda$andFinally$1(Lorg/openqa/selenium/remote/http/HttpHandler;Lorg/openqa/selenium/remote/http/HttpRequest;)Lorg/openqa/selenium/remote/http/HttpResponse;> (0x00000000d6f04e60) thrown at [C:\
Event: 1.818 Thread 0x000001fa433d5000 Exception <a 'java/lang/IncompatibleClassChangeError': Found class java.lang.Object, but interface was expected> (0x00000000d707c4b8) thrown at [C:\jenkins\workspace\8-2-build-windows-amd64-cygwin\jdk8u333\2551\hotspot\src\share\vm\interpreter\linkResolve
Event: 1.821 Thread 0x000001fa433d5000 Exception <a 'java/lang/NoSuchMethodError': java.lang.Object.lambda$or$2(Ljava/util/function/Predicate;Ljava/lang/Object;)Z> (0x00000000d70891a0) thrown at [C:\jenkins\workspace\8-2-build-windows-amd64-cygwin\jdk8u333\2551\hotspot\src\share\vm\interpreter
Event: 2.382 Thread 0x000001fa5b239800 Exception <a 'java/net/SocketTimeoutException': connect timed out> (0x00000000d7275450) thrown at [C:\jenkins\workspace\8-2-build-windows-amd64-cygwin\jdk8u333\2551\hotspot\src\share\vm\prims\jni.cpp, line 737]
Event: 2.437 Thread 0x000001fa433d5000 Exception <a 'java/lang/NoSuchMethodError': java.lang.Object.lambda$andThen$1(Ljava/util/function/Function;Ljava/lang/Object;)Ljava/lang/Object;> (0x00000000d72ccc10) thrown at [C:\jenkins\workspace\8-2-build-windows-amd64-cygwin\jdk8u333\2551\hotspot\src
Event: 2.531 Thread 0x000001fa433d5000 Exception <a 'java/lang/NoSuchMethodError': java.lang.Object.lambda$chars$0()Ljava/util/Spliterator$OfInt;> (0x00000000d7478af8) thrown at [C:\jenkins\workspace\8-2-build-windows-amd64-cygwin\jdk8u333\2551\hotspot\src\share\vm\interpreter\linkResolver.cpp
Event: 2.592 Thread 0x000001fa433d5000 Exception <a 'java/lang/NoSuchMethodError': java.lang.Object.lambda$negate$1(Ljava/lang/Object;)Z> (0x00000000d77287e0) thrown at [C:\jenkins\workspace\8-2-build-windows-amd64-cygwin\jdk8u333\2551\hotspot\src\share\vm\interpreter\linkResolver.cpp, line 62
Event: 4.175 Thread 0x000001fa433d5000 Exception <a 'java/lang/NoSuchMethodError': java.lang.Object.lambda$getResponseFunction$0(Lorg/openqa/selenium/remote/InitialHandshakeResponse;)Lorg/openqa/selenium/remote/ProtocolHandshake$Result;> (0x00000000d6890cc8) thrown at [C:\jenkins\workspace\8-2
Event: 10.278 Thread 0x000001fa433d5000 Exception <a 'java/lang/NoSuchMethodError': java.lang.Object.FIND_ELEMENT(Ljava/lang/String;Ljava/lang/Object;)Lorg/openqa/selenium/remote/CommandPayload;> (0x00000000d697c588) thrown at [C:\jenkins\workspace\8-2-build-windows-amd64-cygwin\jdk8u333\2551\h

Events (10 events):
Event: 18474.044 Executing VM operation: GetOwnedMonitorInfo done
Event: 18474.183 Executing VM operation: GetCurrentContendedMonitor
Event: 18474.183 Executing VM operation: GetCurrentContendedMonitor done
Event: 18474.183 Executing VM operation: GetOwnedMonitorInfo
Event: 18474.183 Executing VM operation: GetOwnedMonitorInfo done
Event: 18474.201 Executing VM operation: GetCurrentContendedMonitor
Event: 18474.201 Executing VM operation: GetCurrentContendedMonitor done
Event: 18474.201 Executing VM operation: GetOwnedMonitorInfo
Event: 18474.201 Executing VM operation: GetOwnedMonitorInfo done
Event: 18678.315 Executing VM operation: RedefineClasses


Dynamic libraries:
0x00007ff623fb0000 - 0x00007ff623ff7000 	C:\Program Files\Java\jre1.8.0_333\bin\javaw.exe
0x00007ff9bc3e0000 - 0x00007ff9bc5e9000 	C:\WINDOWS\SYSTEM32\ntdll.dll
0x00007ff9bada0000 - 0x00007ff9bae5d000 	C:\WINDOWS\System32\KERNEL32.DLL
0x00007ff9b98c0000 - 0x00007ff9b9c3c000 	C:\WINDOWS\System32\KERNELBASE.dll
0x00007ff9bb610000 - 0x00007ff9bb6be000 	C:\WINDOWS\System32\ADVAPI32.dll
0x00007ff9bac90000 - 0x00007ff9bad33000 	C:\WINDOWS\System32\msvcrt.dll
0x00007ff9baa40000 - 0x00007ff9baade000 	C:\WINDOWS\System32\sechost.dll
0x00007ff9ba920000 - 0x00007ff9baa40000 	C:\WINDOWS\System32\RPCRT4.dll
0x00007ff9baae0000 - 0x00007ff9bac8d000 	C:\WINDOWS\System32\USER32.dll
0x00007ff9b9d60000 - 0x00007ff9b9d86000 	C:\WINDOWS\System32\win32u.dll
0x00007ff9bb770000 - 0x00007ff9bb799000 	C:\WINDOWS\System32\GDI32.dll
0x00007ff9b9c40000 - 0x00007ff9b9d59000 	C:\WINDOWS\System32\gdi32full.dll
0x00007ff9b9ec0000 - 0x00007ff9b9f5d000 	C:\WINDOWS\System32\msvcp_win.dll
0x00007ff9b9f60000 - 0x00007ff9ba071000 	C:\WINDOWS\System32\ucrtbase.dll
0x00007ff9a8df0000 - 0x00007ff9a9095000 	C:\WINDOWS\WinSxS\amd64_microsoft.windows.common-controls_6595b64144ccf1df_6.0.22000.120_none_9d947278b86cc467\COMCTL32.dll
0x00007ff9bb5d0000 - 0x00007ff9bb601000 	C:\WINDOWS\System32\IMM32.DLL
0x00007ff9af6d0000 - 0x00007ff9af6e5000 	C:\Program Files\Java\jre1.8.0_333\bin\vcruntime140.dll
0x00007ff99e740000 - 0x00007ff99e7db000 	C:\Program Files\Java\jre1.8.0_333\bin\msvcp140.dll
0x0000000061e50000 - 0x00000000626b1000 	C:\Program Files\Java\jre1.8.0_333\bin\server\jvm.dll
0x00007ff9ba270000 - 0x00007ff9ba278000 	C:\WINDOWS\System32\PSAPI.DLL
0x00007ff9b1350000 - 0x00007ff9b1359000 	C:\WINDOWS\SYSTEM32\WSOCK32.dll
0x00007ff9ba8b0000 - 0x00007ff9ba91f000 	C:\WINDOWS\System32\WS2_32.dll
0x00007ff9b2300000 - 0x00007ff9b2333000 	C:\WINDOWS\SYSTEM32\WINMM.dll
0x00007ff9b1f60000 - 0x00007ff9b1f6a000 	C:\WINDOWS\SYSTEM32\VERSION.dll
0x00007ff9b89b0000 - 0x00007ff9b89c8000 	C:\WINDOWS\SYSTEM32\kernel.appcore.dll
0x00007ff99fd60000 - 0x00007ff99fd70000 	C:\Program Files\Java\jre1.8.0_333\bin\verify.dll
0x00007ff97b5d0000 - 0x00007ff97b5fb000 	C:\Program Files\Java\jre1.8.0_333\bin\java.dll
0x00007ff9af690000 - 0x00007ff9af6c6000 	C:\Program Files\Java\jre1.8.0_333\bin\jdwp.dll
0x00007ff9af680000 - 0x00007ff9af689000 	C:\Program Files\Java\jre1.8.0_333\bin\npt.dll
0x00007ff97b5b0000 - 0x00007ff97b5c8000 	C:\Program Files\Java\jre1.8.0_333\bin\zip.dll
0x00007ff9bb810000 - 0x00007ff9bbfc8000 	C:\WINDOWS\System32\SHELL32.dll
0x00007ff9b7a20000 - 0x00007ff9b8288000 	C:\WINDOWS\SYSTEM32\windows.storage.dll
0x00007ff9bb020000 - 0x00007ff9bb399000 	C:\WINDOWS\System32\combase.dll
0x00007ff9b78b0000 - 0x00007ff9b7a16000 	C:\WINDOWS\SYSTEM32\wintypes.dll
0x00007ff9bc2b0000 - 0x00007ff9bc39a000 	C:\WINDOWS\System32\SHCORE.dll
0x00007ff9bad40000 - 0x00007ff9bad9d000 	C:\WINDOWS\System32\shlwapi.dll
0x00007ff9b97f0000 - 0x00007ff9b9811000 	C:\WINDOWS\SYSTEM32\profapi.dll
0x00007ff9af670000 - 0x00007ff9af67a000 	C:\Program Files\Java\jre1.8.0_333\bin\dt_socket.dll
0x00007ff94aef0000 - 0x00007ff94af07000 	C:\WINDOWS\system32\napinsp.dll
0x00007ff94a340000 - 0x00007ff94a35b000 	C:\WINDOWS\system32\pnrpnsp.dll
0x00007ff9b8de0000 - 0x00007ff9b8e47000 	C:\WINDOWS\System32\mswsock.dll
0x00007ff9b8550000 - 0x00007ff9b8638000 	C:\WINDOWS\SYSTEM32\DNSAPI.dll
0x00007ff9b84e0000 - 0x00007ff9b850d000 	C:\WINDOWS\SYSTEM32\IPHLPAPI.DLL
0x00007ff9bb3a0000 - 0x00007ff9bb3a9000 	C:\WINDOWS\System32\NSI.dll
0x00007ff94a320000 - 0x00007ff94a332000 	C:\WINDOWS\System32\winrnr.dll
0x00007ff991790000 - 0x00007ff9917a5000 	C:\WINDOWS\system32\wshbth.dll
0x00007ff967f10000 - 0x00007ff967f2f000 	C:\WINDOWS\system32\nlansp_c.dll
0x00007ff9b1040000 - 0x00007ff9b10c1000 	C:\WINDOWS\System32\fwpuclnt.dll
0x00007ff9b0280000 - 0x00007ff9b028a000 	C:\Windows\System32\rasadhlp.dll
0x00007ff97b590000 - 0x00007ff97b5ac000 	C:\Program Files\Java\jre1.8.0_333\bin\net.dll
0x00007ff951c00000 - 0x00007ff951c24000 	C:\Program Files\Java\jre1.8.0_333\bin\sunec.dll
0x00007ff9b1cf0000 - 0x00007ff9b1d09000 	C:\WINDOWS\SYSTEM32\dhcpcsvc6.DLL
0x00007ff9b2090000 - 0x00007ff9b20ae000 	C:\WINDOWS\SYSTEM32\dhcpcsvc.DLL
0x00007ff97b570000 - 0x00007ff97b583000 	C:\Program Files\Java\jre1.8.0_333\bin\nio.dll
0x00007ff9b9020000 - 0x00007ff9b9038000 	C:\WINDOWS\SYSTEM32\CRYPTSP.dll
0x00007ff9b8910000 - 0x00007ff9b8945000 	C:\WINDOWS\system32\rsaenh.dll
0x00007ff9b8ed0000 - 0x00007ff9b8ef9000 	C:\WINDOWS\SYSTEM32\USERENV.dll
0x00007ff9b9220000 - 0x00007ff9b9247000 	C:\WINDOWS\SYSTEM32\bcrypt.dll
0x00007ff9ba080000 - 0x00007ff9ba0ff000 	C:\WINDOWS\System32\bcryptprimitives.dll
0x00007ff9b9040000 - 0x00007ff9b904c000 	C:\WINDOWS\SYSTEM32\CRYPTBASE.dll
0x00007ff951be0000 - 0x00007ff951bed000 	C:\Program Files\Java\jre1.8.0_333\bin\management.dll
0x00007ff9b4180000 - 0x00007ff9b43a1000 	C:\WINDOWS\SYSTEM32\dbghelp.dll

VM Arguments:
jvm_args: -agentlib:jdwp=transport=dt_socket,suspend=y,address=localhost:53920 -Dfile.encoding=Cp1252 
java_command: org.selenium.MouseoverDragAnsDrop
java_class_path (initial): C:\Program Files\Java\jre1.8.0_333\lib\resources.jar;C:\Program Files\Java\jre1.8.0_333\lib\rt.jar;C:\Program Files\Java\jre1.8.0_333\lib\jsse.jar;C:\Program Files\Java\jre1.8.0_333\lib\jce.jar;C:\Program Files\Java\jre1.8.0_333\lib\charsets.jar;C:\Program Files\Java\jre1.8.0_333\lib\jfr.jar;C:\Program Files\Java\jre1.8.0_333\lib\ext\access-bridge-64.jar;C:\Program Files\Java\jre1.8.0_333\lib\ext\cldrdata.jar;C:\Program Files\Java\jre1.8.0_333\lib\ext\dnsns.jar;C:\Program Files\Java\jre1.8.0_333\lib\ext\jaccess.jar;C:\Program Files\Java\jre1.8.0_333\lib\ext\jfxrt.jar;C:\Program Files\Java\jre1.8.0_333\lib\ext\localedata.jar;C:\Program Files\Java\jre1.8.0_333\lib\ext\nashorn.jar;C:\Program Files\Java\jre1.8.0_333\lib\ext\sunec.jar;C:\Program Files\Java\jre1.8.0_333\lib\ext\sunjce_provider.jar;C:\Program Files\Java\jre1.8.0_333\lib\ext\sunmscapi.jar;C:\Program Files\Java\jre1.8.0_333\lib\ext\sunpkcs11.jar;C:\Program Files\Java\jre1.8.0_333\lib\ext\zipfs.jar;C:\Users\surya\eclipse-workspace\SeleniumProgram\bin;C:\Users\surya\eclipse-workspace\SeleniumProgram\Library\selenium-server-4.4.0.jar
Launcher Type: SUN_STANDARD

Environment Variables:
JAVA_HOME=C:\Program Files\Java\jdk-18.0.1.1
PATH=C:/Program Files/Java/jre1.8.0_333/bin/server;C:/Program Files/Java/jre1.8.0_333/bin;C:/Program Files/Java/jre1.8.0_333/lib/amd64;C:\Program Files (x86)\Common Files\Oracle\Java\javapath;C:\Program Files\Java\jdk-18.0.1.1\bin;C:\Users\surya\AppData\Local\Microsoft\WindowsApps;;C:\Users\surya\Downloads\eclipse-committers-oxygen-3a-win32-x86_64\eclipse;
USERNAME=surya
OS=Windows_NT
PROCESSOR_IDENTIFIER=Intel64 Family 6 Model 126 Stepping 5, GenuineIntel



---------------  S Y S T E M  ---------------

OS: Windows 11 , 64 bit Build 22000 (10.0.22000.708)

CPU:total 4 (initial active 4) (2 cores per cpu, 2 threads per core) family 6 model 126 stepping 5, cmov, cx8, fxsr, mmx, sse, sse2, sse3, ssse3, sse4.1, sse4.2, popcnt, avx, avx2, aes, clmul, erms, 3dnowpref, lzcnt, ht, tsc, tscinvbit, bmi1, bmi2, adx

Memory: 4k page, physical 8159224k(2230472k free), swap 11618980k(1806216k free)

vm_info: Java HotSpot(TM) 64-Bit Server VM (25.333-b02) for windows-amd64 JRE (1.8.0_333-b02), built on Apr 25 2022 22:49:11 by "java_re" with MS VC++ 15.9 (VS2017)

time: Sat Sep 17 00:44:51 2022
timezone: India Standard Time
elapsed time: 18678.336552 seconds (0d 5h 11m 18s)

